<?xml version="1.0" encoding="UTF-8"?>
<!-- Generated by org.testng.reporters.JUnitXMLReporter -->
<testsuite hostname="LAPTOP-ANRIAA7T" name="Default test" tests="8" failures="0" timestamp="29 Jul 2020 21:19:21 GMT" time="151.036" errors="0">
  <testcase name="aboutCompanyDetails" time="5.884" classname="testscripts.TestScrippts"/>
  <testcase name="addToCart" time="11.355" classname="testscripts.TestScrippts"/>
  <testcase name="alltestcases" time="9.588" classname="testscripts.TestScrippts"/>
  <testcase name="checkLogoText" time="0.302" classname="testscripts.TestScrippts"/>
  <testcase name="checkTheCount" time="2.212" classname="testscripts.TestScrippts"/>
  <testcase name="createAnAccount" time="5.959" classname="testscripts.TestScrippts"/>
  <testcase name="specialCollections" time="20.729" classname="testscripts.TestScrippts"/>
  <testcase name="contactStore" time="12.418" classname="testscripts.TestScrippts"/>
</testsuite> <!-- Default test -->
